2023-10-01 11:01:18 [scrapy.utils.log] INFO: Scrapy 2.11.0 started (bot: tb)
2023-10-01 11:01:18 [scrapy.utils.log] INFO: Versions: lxml 4.9.3.0, libxml2 2.10.3, cssselect 1.2.0, parsel 1.8.1, w3lib 2.1.2, Twisted 22.10.0, Python 3.9.18 (main, Aug 24 2023, 21:32:41) - [Clang 13.0.0 (clang-1300.0.29.30)], pyOpenSSL 23.2.0 (OpenSSL 3.1.3 19 Sep 2023), cryptography 41.0.4, Platform macOS-11.7.10-x86_64-i386-64bit
2023-10-01 11:01:18 [scrapy.addons] INFO: Enabled addons:
[]
2023-10-01 11:01:18 [asyncio] DEBUG: Using selector: KqueueSelector
2023-10-01 11:01:18 [scrapy.utils.log] DEBUG: Using reactor: twisted.internet.asyncioreactor.AsyncioSelectorReactor
2023-10-01 11:01:18 [scrapy.utils.log] DEBUG: Using asyncio event loop: asyncio.unix_events._UnixSelectorEventLoop
2023-10-01 11:01:18 [scrapy.extensions.telnet] INFO: Telnet Password: 4311c57d47e5e4bd
2023-10-01 11:01:19 [scrapy.middleware] INFO: Enabled extensions:
['scrapy.extensions.corestats.CoreStats',
 'scrapy.extensions.telnet.TelnetConsole',
 'scrapy.extensions.memusage.MemoryUsage',
 'scrapy.extensions.logstats.LogStats']
2023-10-01 11:01:19 [scrapy.crawler] INFO: Overridden settings:
{'BOT_NAME': 'tb',
 'CONCURRENT_REQUESTS': 1,
 'DOWNLOAD_DELAY': 3,
 'FEED_EXPORT_ENCODING': 'utf-8',
 'LOG_FILE': 'my_log.log',
 'NEWSPIDER_MODULE': 'tb.spiders',
 'REQUEST_FINGERPRINTER_IMPLEMENTATION': '2.7',
 'SPIDER_MODULES': ['tb.spiders'],
 'TWISTED_REACTOR': 'twisted.internet.asyncioreactor.AsyncioSelectorReactor'}
2023-10-01 11:01:24 [scrapy.middleware] INFO: Enabled downloader middlewares:
['scrapy.downloadermiddlewares.httpauth.HttpAuthMiddleware',
 'scrapy.downloadermiddlewares.downloadtimeout.DownloadTimeoutMiddleware',
 'scrapy.downloadermiddlewares.defaultheaders.DefaultHeadersMiddleware',
 'scrapy.downloadermiddlewares.useragent.UserAgentMiddleware',
 'scrapy.downloadermiddlewares.retry.RetryMiddleware',
 'scrapy.downloadermiddlewares.redirect.MetaRefreshMiddleware',
 'scrapy.downloadermiddlewares.httpcompression.HttpCompressionMiddleware',
 'scrapy.downloadermiddlewares.redirect.RedirectMiddleware',
 'scrapy.downloadermiddlewares.cookies.CookiesMiddleware',
 'tb.middlewares.CustDownloaderMiddleware',
 'scrapy.downloadermiddlewares.httpproxy.HttpProxyMiddleware',
 'scrapy.downloadermiddlewares.stats.DownloaderStats']
2023-10-01 11:01:24 [scrapy.middleware] INFO: Enabled spider middlewares:
['scrapy.spidermiddlewares.httperror.HttpErrorMiddleware',
 'scrapy.spidermiddlewares.offsite.OffsiteMiddleware',
 'tb.middlewares.TbSpiderMiddleware',
 'scrapy.spidermiddlewares.referer.RefererMiddleware',
 'scrapy.spidermiddlewares.urllength.UrlLengthMiddleware',
 'scrapy.spidermiddlewares.depth.DepthMiddleware']
2023-10-01 11:01:24 [scrapy.middleware] INFO: Enabled item pipelines:
['tb.pipelines.MysqlPipeline']
2023-10-01 11:01:24 [scrapy.core.engine] INFO: Spider opened
2023-10-01 11:01:24 [scrapy.extensions.logstats] INFO: Crawled 0 pages (at 0 pages/min), scraped 0 items (at 0 items/min)
2023-10-01 11:01:24 [mtb] INFO: Spider opened: mtb
2023-10-01 11:01:24 [mtb] INFO: Spider opened: mtb
2023-10-01 11:01:24 [scrapy.extensions.telnet] INFO: Telnet console listening on 127.0.0.1:6023
2023-10-01 11:01:24 [root] INFO: 请求开始
2023-10-01 11:01:28 [scrapy.core.engine] DEBUG: Crawled (200) <GET https://s.taobao.com/search?q=%E6%9F%93%E5%8F%91&spm=a21bo.jianhua.201867-main.2.5af92a89Cqjr6w> (referer: None)
2023-10-01 11:01:28 [scrapy.core.scraper] DEBUG: Scraped from <200 https://s.taobao.com/search?q=%E6%9F%93%E5%8F%91&spm=a21bo.jianhua.201867-main.2.5af92a89Cqjr6w>
None
2023-10-01 11:01:28 [scrapy.core.scraper] DEBUG: Scraped from <200 https://s.taobao.com/search?q=%E6%9F%93%E5%8F%91&spm=a21bo.jianhua.201867-main.2.5af92a89Cqjr6w>
None
2023-10-01 11:01:28 [scrapy.core.scraper] DEBUG: Scraped from <200 https://s.taobao.com/search?q=%E6%9F%93%E5%8F%91&spm=a21bo.jianhua.201867-main.2.5af92a89Cqjr6w>
None
2023-10-01 11:01:28 [scrapy.core.scraper] DEBUG: Scraped from <200 https://s.taobao.com/search?q=%E6%9F%93%E5%8F%91&spm=a21bo.jianhua.201867-main.2.5af92a89Cqjr6w>
None
2023-10-01 11:01:28 [scrapy.core.scraper] DEBUG: Scraped from <200 https://s.taobao.com/search?q=%E6%9F%93%E5%8F%91&spm=a21bo.jianhua.201867-main.2.5af92a89Cqjr6w>
None
2023-10-01 11:01:28 [scrapy.core.scraper] DEBUG: Scraped from <200 https://s.taobao.com/search?q=%E6%9F%93%E5%8F%91&spm=a21bo.jianhua.201867-main.2.5af92a89Cqjr6w>
None
2023-10-01 11:01:28 [scrapy.core.scraper] DEBUG: Scraped from <200 https://s.taobao.com/search?q=%E6%9F%93%E5%8F%91&spm=a21bo.jianhua.201867-main.2.5af92a89Cqjr6w>
None
2023-10-01 11:01:28 [scrapy.core.scraper] DEBUG: Scraped from <200 https://s.taobao.com/search?q=%E6%9F%93%E5%8F%91&spm=a21bo.jianhua.201867-main.2.5af92a89Cqjr6w>
None
2023-10-01 11:01:28 [scrapy.core.scraper] DEBUG: Scraped from <200 https://s.taobao.com/search?q=%E6%9F%93%E5%8F%91&spm=a21bo.jianhua.201867-main.2.5af92a89Cqjr6w>
None
2023-10-01 11:01:28 [scrapy.core.scraper] DEBUG: Scraped from <200 https://s.taobao.com/search?q=%E6%9F%93%E5%8F%91&spm=a21bo.jianhua.201867-main.2.5af92a89Cqjr6w>
None
2023-10-01 11:01:28 [scrapy.core.scraper] DEBUG: Scraped from <200 https://s.taobao.com/search?q=%E6%9F%93%E5%8F%91&spm=a21bo.jianhua.201867-main.2.5af92a89Cqjr6w>
None
2023-10-01 11:01:28 [scrapy.core.scraper] DEBUG: Scraped from <200 https://s.taobao.com/search?q=%E6%9F%93%E5%8F%91&spm=a21bo.jianhua.201867-main.2.5af92a89Cqjr6w>
None
2023-10-01 11:01:28 [scrapy.core.scraper] DEBUG: Scraped from <200 https://s.taobao.com/search?q=%E6%9F%93%E5%8F%91&spm=a21bo.jianhua.201867-main.2.5af92a89Cqjr6w>
None
2023-10-01 11:01:28 [scrapy.core.scraper] DEBUG: Scraped from <200 https://s.taobao.com/search?q=%E6%9F%93%E5%8F%91&spm=a21bo.jianhua.201867-main.2.5af92a89Cqjr6w>
None
2023-10-01 11:01:28 [scrapy.core.scraper] DEBUG: Scraped from <200 https://s.taobao.com/search?q=%E6%9F%93%E5%8F%91&spm=a21bo.jianhua.201867-main.2.5af92a89Cqjr6w>
None
2023-10-01 11:01:28 [scrapy.core.scraper] DEBUG: Scraped from <200 https://s.taobao.com/search?q=%E6%9F%93%E5%8F%91&spm=a21bo.jianhua.201867-main.2.5af92a89Cqjr6w>
None
2023-10-01 11:01:28 [scrapy.core.scraper] DEBUG: Scraped from <200 https://s.taobao.com/search?q=%E6%9F%93%E5%8F%91&spm=a21bo.jianhua.201867-main.2.5af92a89Cqjr6w>
None
2023-10-01 11:01:28 [scrapy.core.scraper] DEBUG: Scraped from <200 https://s.taobao.com/search?q=%E6%9F%93%E5%8F%91&spm=a21bo.jianhua.201867-main.2.5af92a89Cqjr6w>
None
2023-10-01 11:01:28 [scrapy.core.scraper] DEBUG: Scraped from <200 https://s.taobao.com/search?q=%E6%9F%93%E5%8F%91&spm=a21bo.jianhua.201867-main.2.5af92a89Cqjr6w>
None
2023-10-01 11:01:28 [scrapy.core.scraper] DEBUG: Scraped from <200 https://s.taobao.com/search?q=%E6%9F%93%E5%8F%91&spm=a21bo.jianhua.201867-main.2.5af92a89Cqjr6w>
None
2023-10-01 11:01:28 [scrapy.core.scraper] DEBUG: Scraped from <200 https://s.taobao.com/search?q=%E6%9F%93%E5%8F%91&spm=a21bo.jianhua.201867-main.2.5af92a89Cqjr6w>
None
2023-10-01 11:01:28 [scrapy.core.scraper] DEBUG: Scraped from <200 https://s.taobao.com/search?q=%E6%9F%93%E5%8F%91&spm=a21bo.jianhua.201867-main.2.5af92a89Cqjr6w>
None
2023-10-01 11:01:28 [scrapy.core.scraper] DEBUG: Scraped from <200 https://s.taobao.com/search?q=%E6%9F%93%E5%8F%91&spm=a21bo.jianhua.201867-main.2.5af92a89Cqjr6w>
None
2023-10-01 11:01:28 [scrapy.core.scraper] DEBUG: Scraped from <200 https://s.taobao.com/search?q=%E6%9F%93%E5%8F%91&spm=a21bo.jianhua.201867-main.2.5af92a89Cqjr6w>
None
2023-10-01 11:01:28 [scrapy.core.scraper] DEBUG: Scraped from <200 https://s.taobao.com/search?q=%E6%9F%93%E5%8F%91&spm=a21bo.jianhua.201867-main.2.5af92a89Cqjr6w>
None
2023-10-01 11:01:28 [scrapy.core.scraper] DEBUG: Scraped from <200 https://s.taobao.com/search?q=%E6%9F%93%E5%8F%91&spm=a21bo.jianhua.201867-main.2.5af92a89Cqjr6w>
None
2023-10-01 11:01:28 [scrapy.core.scraper] DEBUG: Scraped from <200 https://s.taobao.com/search?q=%E6%9F%93%E5%8F%91&spm=a21bo.jianhua.201867-main.2.5af92a89Cqjr6w>
None
2023-10-01 11:01:28 [scrapy.core.scraper] DEBUG: Scraped from <200 https://s.taobao.com/search?q=%E6%9F%93%E5%8F%91&spm=a21bo.jianhua.201867-main.2.5af92a89Cqjr6w>
None
2023-10-01 11:01:28 [scrapy.core.scraper] DEBUG: Scraped from <200 https://s.taobao.com/search?q=%E6%9F%93%E5%8F%91&spm=a21bo.jianhua.201867-main.2.5af92a89Cqjr6w>
None
2023-10-01 11:01:28 [scrapy.core.scraper] DEBUG: Scraped from <200 https://s.taobao.com/search?q=%E6%9F%93%E5%8F%91&spm=a21bo.jianhua.201867-main.2.5af92a89Cqjr6w>
None
2023-10-01 11:01:28 [scrapy.core.scraper] DEBUG: Scraped from <200 https://s.taobao.com/search?q=%E6%9F%93%E5%8F%91&spm=a21bo.jianhua.201867-main.2.5af92a89Cqjr6w>
None
2023-10-01 11:01:28 [scrapy.core.scraper] DEBUG: Scraped from <200 https://s.taobao.com/search?q=%E6%9F%93%E5%8F%91&spm=a21bo.jianhua.201867-main.2.5af92a89Cqjr6w>
None
2023-10-01 11:01:28 [scrapy.core.scraper] DEBUG: Scraped from <200 https://s.taobao.com/search?q=%E6%9F%93%E5%8F%91&spm=a21bo.jianhua.201867-main.2.5af92a89Cqjr6w>
None
2023-10-01 11:01:28 [scrapy.core.scraper] DEBUG: Scraped from <200 https://s.taobao.com/search?q=%E6%9F%93%E5%8F%91&spm=a21bo.jianhua.201867-main.2.5af92a89Cqjr6w>
None
2023-10-01 11:01:28 [scrapy.core.scraper] DEBUG: Scraped from <200 https://s.taobao.com/search?q=%E6%9F%93%E5%8F%91&spm=a21bo.jianhua.201867-main.2.5af92a89Cqjr6w>
None
2023-10-01 11:01:28 [scrapy.core.scraper] DEBUG: Scraped from <200 https://s.taobao.com/search?q=%E6%9F%93%E5%8F%91&spm=a21bo.jianhua.201867-main.2.5af92a89Cqjr6w>
None
2023-10-01 11:01:28 [scrapy.core.scraper] DEBUG: Scraped from <200 https://s.taobao.com/search?q=%E6%9F%93%E5%8F%91&spm=a21bo.jianhua.201867-main.2.5af92a89Cqjr6w>
None
2023-10-01 11:01:28 [scrapy.core.scraper] DEBUG: Scraped from <200 https://s.taobao.com/search?q=%E6%9F%93%E5%8F%91&spm=a21bo.jianhua.201867-main.2.5af92a89Cqjr6w>
None
2023-10-01 11:01:28 [scrapy.core.scraper] DEBUG: Scraped from <200 https://s.taobao.com/search?q=%E6%9F%93%E5%8F%91&spm=a21bo.jianhua.201867-main.2.5af92a89Cqjr6w>
None
2023-10-01 11:01:28 [scrapy.core.scraper] DEBUG: Scraped from <200 https://s.taobao.com/search?q=%E6%9F%93%E5%8F%91&spm=a21bo.jianhua.201867-main.2.5af92a89Cqjr6w>
None
2023-10-01 11:01:28 [scrapy.core.scraper] DEBUG: Scraped from <200 https://s.taobao.com/search?q=%E6%9F%93%E5%8F%91&spm=a21bo.jianhua.201867-main.2.5af92a89Cqjr6w>
None
2023-10-01 11:01:28 [scrapy.core.scraper] DEBUG: Scraped from <200 https://s.taobao.com/search?q=%E6%9F%93%E5%8F%91&spm=a21bo.jianhua.201867-main.2.5af92a89Cqjr6w>
None
2023-10-01 11:01:28 [scrapy.core.scraper] DEBUG: Scraped from <200 https://s.taobao.com/search?q=%E6%9F%93%E5%8F%91&spm=a21bo.jianhua.201867-main.2.5af92a89Cqjr6w>
None
2023-10-01 11:01:28 [scrapy.core.scraper] DEBUG: Scraped from <200 https://s.taobao.com/search?q=%E6%9F%93%E5%8F%91&spm=a21bo.jianhua.201867-main.2.5af92a89Cqjr6w>
None
2023-10-01 11:01:28 [scrapy.core.scraper] DEBUG: Scraped from <200 https://s.taobao.com/search?q=%E6%9F%93%E5%8F%91&spm=a21bo.jianhua.201867-main.2.5af92a89Cqjr6w>
None
2023-10-01 11:01:28 [scrapy.core.scraper] DEBUG: Scraped from <200 https://s.taobao.com/search?q=%E6%9F%93%E5%8F%91&spm=a21bo.jianhua.201867-main.2.5af92a89Cqjr6w>
None
2023-10-01 11:01:28 [scrapy.core.scraper] DEBUG: Scraped from <200 https://s.taobao.com/search?q=%E6%9F%93%E5%8F%91&spm=a21bo.jianhua.201867-main.2.5af92a89Cqjr6w>
None
2023-10-01 11:01:28 [scrapy.core.scraper] DEBUG: Scraped from <200 https://s.taobao.com/search?q=%E6%9F%93%E5%8F%91&spm=a21bo.jianhua.201867-main.2.5af92a89Cqjr6w>
None
2023-10-01 11:01:28 [scrapy.core.engine] INFO: Closing spider (finished)
2023-10-01 11:01:28 [scrapy.statscollectors] INFO: Dumping Scrapy stats:
{'downloader/response_bytes': 637815,
 'downloader/response_count': 1,
 'downloader/response_status_count/200': 1,
 'elapsed_time_seconds': 3.412534,
 'finish_reason': 'finished',
 'finish_time': datetime.datetime(2023, 10, 1, 3, 1, 28, 289579, tzinfo=datetime.timezone.utc),
 'item_scraped_count': 48,
 'log_count/DEBUG': 52,
 'log_count/INFO': 13,
 'memusage/max': 67022848,
 'memusage/startup': 67022848,
 'response_received_count': 1,
 'scheduler/dequeued': 1,
 'scheduler/dequeued/memory': 1,
 'scheduler/enqueued': 1,
 'scheduler/enqueued/memory': 1,
 'start_time': datetime.datetime(2023, 10, 1, 3, 1, 24, 877045, tzinfo=datetime.timezone.utc)}
2023-10-01 11:01:28 [scrapy.core.engine] INFO: Spider closed (finished)
